<?xml version="1.0" encoding="UTF-8"?>
<!-- Generated by org.testng.reporters.JUnitReportReporter -->
<testsuite hostname="Bhaskar" failures="0" tests="1" name="JavaLearn.RegEx" time="0.012" errors="0" timestamp="2025-02-25T10:28:30 IST" skipped="0">
  <testcase classname="JavaLearn.RegEx" name="patterCheck" time="0.012"/>
</testsuite> <!-- JavaLearn.RegEx -->
