<?xml version="1.0" encoding="UTF-8"?>
<!-- Generated by org.testng.reporters.JUnitReportReporter -->
<testsuite hostname="Bhaskar" failures="0" tests="1" name="JavaLearn.learnCollections" time="0.010" errors="0" timestamp="2025-02-21T10:14:20 IST" skipped="0">
  <testcase classname="JavaLearn.learnCollections" name="countOfChar" time="0.010"/>
</testsuite> <!-- JavaLearn.learnCollections -->
