<?xml version="1.0" encoding="UTF-8"?>
<!-- Generated by org.testng.reporters.JUnitReportReporter -->
<testsuite hostname="Bhaskar" failures="0" tests="2" name="TestNGAnnotationsDemo" time="0.013" errors="0" timestamp="2025-02-16T19:42:54 IST" skipped="0">
  <testcase classname="TestNGAnnotationsDemo" name="testMethod1" time="0.009"/>
  <testcase classname="TestNGAnnotationsDemo" name="testMethod2" time="0.004"/>
</testsuite> <!-- TestNGAnnotationsDemo -->
