<?xml version="1.0" encoding="UTF-8"?>
<!-- Generated by org.testng.reporters.JUnitReportReporter -->
<testsuite hostname="Bhaskar" failures="0" tests="1" name="JavaLearn.Prime" time="2.062" errors="0" timestamp="2025-01-29T09:20:44 IST" skipped="0">
  <testcase classname="JavaLearn.Prime" name="findPrime" time="2.062"/>
</testsuite> <!-- JavaLearn.Prime -->
