<?xml version="1.0" encoding="UTF-8"?>
<!-- Generated by org.testng.reporters.JUnitReportReporter -->
<testsuite hostname="Bhaskar" failures="0" tests="1" name="JavaLearn.SwapTwoNumsWithoutThirdVar" time="0.011" errors="0" timestamp="2025-01-29T09:11:35 IST" skipped="0">
  <testcase classname="JavaLearn.SwapTwoNumsWithoutThirdVar" name="test" time="0.011"/>
</testsuite> <!-- JavaLearn.SwapTwoNumsWithoutThirdVar -->
