<?xml version="1.0" encoding="UTF-8"?>
<!-- Generated by org.testng.reporters.JUnitReportReporter -->
<testsuite hostname="Bhaskar" failures="0" tests="1" name="JavaLearn.PatternsPrint" time="0.015" errors="0" timestamp="2025-02-12T07:38:10 IST" skipped="0">
  <testcase classname="JavaLearn.PatternsPrint" name="starTriangle" time="0.015"/>
</testsuite> <!-- JavaLearn.PatternsPrint -->
