<?xml version="1.0" encoding="UTF-8"?>
<!-- Generated by org.testng.reporters.JUnitReportReporter -->
<testsuite hostname="Bhaskar" failures="0" tests="1" name="JavaLearn.BasicJavaPrograms" time="0.014" errors="0" timestamp="2025-02-21T17:11:30 IST" skipped="0">
  <testcase classname="JavaLearn.BasicJavaPrograms" name="replaceAllLearning2" time="0.014"/>
</testsuite> <!-- JavaLearn.BasicJavaPrograms -->
