<?xml version="1.0" encoding="UTF-8"?>
<!-- Generated by org.testng.reporters.JUnitReportReporter -->
<testsuite hostname="Bhaskar" failures="0" tests="1" name="JavaLearn.CollectionsRelatedPrograms" time="0.012" errors="0" timestamp="2025-01-30T10:46:14 IST" skipped="0">
  <testcase classname="JavaLearn.CollectionsRelatedPrograms" name="countOfChar" time="0.012"/>
</testsuite> <!-- JavaLearn.CollectionsRelatedPrograms -->
