<?xml version="1.0" encoding="UTF-8"?>
<!-- Generated by org.testng.reporters.JUnitReportReporter -->
<testsuite hostname="Bhaskar" failures="0" tests="3" name="Tests.LoginPageTest" time="24.769" errors="0" timestamp="2024-11-02T14:23:53 IST" skipped="0">
  <testcase classname="Tests.LoginPageTest" name="loginPageTitleTest" time="4.482"/>
  <testcase classname="Tests.LoginPageTest" name="loginTest" time="13.009"/>
  <testcase classname="Tests.LoginPageTest" name="neoStockImgTest" time="7.278"/>
</testsuite> <!-- Tests.LoginPageTest -->
