<?xml version="1.0" encoding="UTF-8"?>
<!-- Generated by org.testng.reporters.JUnitReportReporter -->
<testsuite hostname="Bhaskar" failures="0" tests="3" name="Tests.LoginPageTest" time="16.159" errors="0" timestamp="2024-11-05T16:57:25 IST" skipped="0">
  <testcase classname="Tests.LoginPageTest" name="loginPageTitleTest" time="4.727"/>
  <testcase classname="Tests.LoginPageTest" name="neoStockImgTest" time="4.122"/>
  <testcase classname="Tests.LoginPageTest" name="loginTest" time="7.310"/>
</testsuite> <!-- Tests.LoginPageTest -->
