<?xml version="1.0" encoding="UTF-8"?>
<!-- Generated by org.testng.reporters.JUnitReportReporter -->
<testsuite hostname="Bhaskar" failures="0" tests="9" name="UI.DataProvide" time="0.031" errors="0" timestamp="2024-09-01T17:16:45 IST" skipped="0">
  <testcase classname="UI.DataProvide" name="test" time="0.001"/>
  <testcase classname="UI.DataProvide" name="test" time="0.001"/>
  <testcase classname="UI.DataProvide" name="test1" time="0.004"/>
  <testcase classname="UI.DataProvide" name="test1" time="0.002"/>
  <testcase classname="UI.DataProvide" name="test" time="0.005"/>
  <testcase classname="UI.DataProvide" name="test1" time="0.001"/>
  <testcase classname="UI.DataProvide" name="test" time="0.002"/>
  <testcase classname="UI.DataProvide" name="f" time="0.014"/>
  <testcase classname="UI.DataProvide" name="test1" time="0.001"/>
</testsuite> <!-- UI.DataProvide -->
