<?xml version="1.0" encoding="UTF-8"?>
<!-- Generated by org.testng.reporters.JUnitReportReporter -->
<testsuite hostname="Bhaskar" failures="0" tests="3" name="Tests.LoginPageTest" time="21.482" errors="0" timestamp="2024-11-11T09:50:15 IST" skipped="0">
  <testcase classname="Tests.LoginPageTest" name="loginPageTitleTest" time="4.843"/>
  <testcase classname="Tests.LoginPageTest" name="loginTest" time="8.785"/>
  <testcase classname="Tests.LoginPageTest" name="neoStockImgTest" time="7.854"/>
</testsuite> <!-- Tests.LoginPageTest -->
