<?xml version="1.0" encoding="UTF-8"?>
<!-- Generated by org.testng.reporters.JUnitReportReporter -->
<testsuite hostname="Bhaskar" failures="0" tests="1" name="RestAssured.PostRequest" time="2.831" errors="0" timestamp="2025-02-21T17:45:08 IST" skipped="0">
  <testcase classname="RestAssured.PostRequest" name="addDataInJson" time="2.831"/>
</testsuite> <!-- RestAssured.PostRequest -->
