<?xml version="1.0" encoding="UTF-8"?>
<!-- Generated by org.testng.reporters.JUnitReportReporter -->
<testsuite hostname="Bhaskar" failures="0" tests="1" name="RestAssured.PutPatchDeleteRequest" time="1.957" errors="0" timestamp="2025-01-27T11:17:20 IST" skipped="0">
  <testcase classname="RestAssured.PutPatchDeleteRequest" name="DeleteRequest" time="1.957"/>
</testsuite> <!-- RestAssured.PutPatchDeleteRequest -->
