<?xml version="1.0" encoding="UTF-8"?>
<!-- Generated by org.testng.reporters.JUnitReportReporter -->
<testsuite hostname="Bhaskar" failures="0" tests="1" name="Tests.LoginTest" time="6.445" errors="0" timestamp="2024-09-02T12:10:32 IST" skipped="0">
  <testcase classname="Tests.LoginTest" name="Login" time="6.445"/>
</testsuite> <!-- Tests.LoginTest -->
