<?xml version="1.0" encoding="UTF-8"?>
<!-- Generated by org.testng.reporters.JUnitReportReporter -->
<testsuite hostname="Bhaskar" failures="0" tests="1" name="RestAssured.JsonSchemaValidator" time="2.246" errors="0" timestamp="2025-01-29T08:09:52 IST" skipped="0">
  <testcase classname="RestAssured.JsonSchemaValidator" name="schemaValidator" time="2.246"/>
</testsuite> <!-- RestAssured.JsonSchemaValidator -->
