<?xml version="1.0" encoding="UTF-8"?>
<!-- Generated by org.testng.reporters.JUnitReportReporter -->
<testsuite hostname="Bhaskar" failures="0" tests="4" name="UI.DataProvideLogin" time="16.876" errors="0" timestamp="2024-09-01T17:28:28 IST" skipped="0">
  <testcase classname="UI.DataProvideLogin" name="test" time="8.095"/>
  <testcase classname="UI.DataProvideLogin" name="test" time="2.008"/>
  <testcase classname="UI.DataProvideLogin" name="test" time="2.111"/>
  <testcase classname="UI.DataProvideLogin" name="test" time="4.662"/>
</testsuite> <!-- UI.DataProvideLogin -->
