<?xml version="1.0" encoding="UTF-8"?>
<!-- Generated by org.testng.reporters.JUnitReportReporter -->
<testsuite hostname="Bhaskar" failures="1" tests="16" name="Tests.HomePageTest" time="571.382" errors="0" timestamp="2024-11-11T09:50:15 IST" skipped="1">
  <testcase classname="Tests.HomePageTest" name="validateHomepageTitleTest" time="33.862">
    <failure message="Title is mismatching expected [Trade Panel :: Neostox1] but found [Trade Panel :: Neostox]" type="java.lang.AssertionError">
      <![CDATA[java.lang.AssertionError: Title is mismatching expected [Trade Panel :: Neostox1] but found [Trade Panel :: Neostox]
at org.testng.Assert.fail(Assert.java:111)
at org.testng.Assert.failNotEquals(Assert.java:1578)
at org.testng.Assert.assertEqualsImpl(Assert.java:150)
at org.testng.Assert.assertEquals(Assert.java:132)
at org.testng.Assert.assertEquals(Assert.java:656)
at Tests.HomePageTest.validateHomepageTitleTest(HomePageTest.java:44)
at java.base/jdk.internal.reflect.DirectMethodHandleAccessor.invoke(DirectMethodHandleAccessor.java:103)
at java.base/java.lang.reflect.Method.invoke(Method.java:580)
at org.testng.internal.invokers.MethodInvocationHelper.invokeMethod(MethodInvocationHelper.java:141)
at org.testng.internal.invokers.TestInvoker.invokeMethod(TestInvoker.java:686)
at org.testng.internal.invokers.TestInvoker.invokeTestMethod(TestInvoker.java:230)
at org.testng.internal.invokers.MethodRunner.runInSequence(MethodRunner.java:63)
at org.testng.internal.invokers.TestInvoker$MethodInvocationAgent.invoke(TestInvoker.java:992)
at org.testng.internal.invokers.TestInvoker.invokeTestMethods(TestInvoker.java:203)
at org.testng.internal.invokers.TestMethodWorker.invokeTestMethods(TestMethodWorker.java:154)
at org.testng.internal.invokers.TestMethodWorker.run(TestMethodWorker.java:134)
at java.base/java.util.concurrent.Executors$RunnableAdapter.call(Executors.java:572)
at java.base/java.util.concurrent.FutureTask.run(FutureTask.java:317)
at org.testng.internal.thread.graph.TestNGFutureTask.run(TestNGFutureTask.java:22)
at java.base/java.util.concurrent.ThreadPoolExecutor.runWorker(ThreadPoolExecutor.java:1144)
at java.base/java.util.concurrent.ThreadPoolExecutor$Worker.run(ThreadPoolExecutor.java:642)
at java.base/java.lang.Thread.run(Thread.java:1570)
]]>
    </failure>
  </testcase> <!-- validateHomepageTitleTest -->
  <testcase classname="Tests.HomePageTest" name="validateHomePageHeaderTest" time="41.729"/>
  <testcase classname="Tests.HomePageTest" name="placeEquityOrderTest" time="53.300"/>
  <testcase classname="Tests.HomePageTest" name="addOrdersToQuickViewTest" time="11.366"/>
  <testcase classname="Tests.HomePageTest" name="addOrdersToQuickViewTest" time="12.698"/>
  <testcase classname="Tests.HomePageTest" name="openChartsForWatchListItemsTest" time="76.149"/>
  <testcase classname="Tests.HomePageTest" name="placeEquityOrderTest" time="51.695"/>
  <testcase classname="Tests.HomePageTest" name="validateNavigationMenuTest" time="47.376"/>
  <testcase classname="Tests.HomePageTest" name="placeEquityOrderTest" time="55.227"/>
  <testcase classname="Tests.HomePageTest" name="placeEquityOrderTest" time="56.991"/>
  <testcase classname="Tests.HomePageTest" name="addOrdersToQuickViewTest" time="14.540"/>
  <testcase classname="Tests.HomePageTest" name="placeEquityOrderTest" time="54.735"/>
  <testcase classname="Tests.HomePageTest" name="addOrdersToQuickViewTest" time="20.085"/>
  <testcase classname="Tests.HomePageTest" name="addOrdersToQuickViewTest" time="24.800"/>
  <testcase classname="Tests.HomePageTest" name="closeHelloPopupTest" time="16.829"/>
  <testcase classname="Tests.HomePageTest" name="closeInfoModelPopupTest">
    <skipped/>
  </testcase> <!-- closeInfoModelPopupTest -->
</testsuite> <!-- Tests.HomePageTest -->
