<?xml version="1.0" encoding="UTF-8"?>
<!-- Generated by org.testng.reporters.JUnitReportReporter -->
<testsuite hostname="Bhaskar" failures="0" tests="1" name="RestAssured.ValidateBody" time="2.911" errors="0" timestamp="2025-01-27T09:29:19 IST" skipped="0">
  <testcase classname="RestAssured.ValidateBody" name="testResponseBodywithHasItems" time="2.911"/>
</testsuite> <!-- RestAssured.ValidateBody -->
